#
# There is insufficient memory for the Java Runtime Environment to continue.
# Native memory allocation (malloc) failed to allocate 939696 bytes for Chunk::new
# Possible reasons:
#   The system is out of physical RAM or swap space
#   The process is running with CompressedOops enabled, and the Java Heap may be blocking the growth of the native heap
# Possible solutions:
#   Reduce memory load on the system
#   Increase physical memory or swap space
#   Check if swap backing store is full
#   Decrease Java heap size (-Xmx/-Xms)
#   Decrease number of Java threads
#   Decrease Java thread stack sizes (-Xss)
#   Set larger code cache with -XX:ReservedCodeCacheSize=
#   JVM is running with Zero Based Compressed Oops mode in which the Java heap is
#     placed in the first 32GB address space. The Java Heap base address is the
#     maximum limit for the native heap growth. Please use -XX:HeapBaseMinAddress
#     to set the Java Heap base and to place the Java Heap above 32GB virtual address.
# This output file may be truncated or incomplete.
#
#  Out of Memory Error (allocation.cpp:389), pid=29684, tid=0x0000000000006810
#
# JRE version: Java(TM) SE Runtime Environment (8.0_461) (build 1.8.0_461-b11)
# Java VM: Java HotSpot(TM) 64-Bit Server VM (25.461-b11 mixed mode windows-amd64 compressed oops)
# Failed to write core dump. Minidumps are not enabled by default on client versions of Windows
#

---------------  T H R E A D  ---------------

Current thread (0x000001f17b3af800):  JavaThread "C2 CompilerThread5" daemon [_thread_in_native, id=26640, stack(0x0000005373800000,0x0000005373900000)]

Stack: [0x0000005373800000,0x0000005373900000]
Native frames: (J=compiled Java code, j=interpreted, Vv=VM code, C=native code)
V  [jvm.dll+0x34c1c9]
V  [jvm.dll+0x289572]
V  [jvm.dll+0x28a140]
V  [jvm.dll+0x27e165]
V  [jvm.dll+0xd9fcc]
V  [jvm.dll+0xda95c]
V  [jvm.dll+0x475b62]
V  [jvm.dll+0x4b6077]
V  [jvm.dll+0x463ddf]
V  [jvm.dll+0x461469]
V  [jvm.dll+0x44b23c]
V  [jvm.dll+0xaf445]
V  [jvm.dll+0xadb5f]
V  [jvm.dll+0x24ea19]
V  [jvm.dll+0x2a60dc]
C  [ucrtbase.dll+0x37b0]
C  [KERNEL32.DLL+0x2e8d7]
C  [ntdll.dll+0x8c48c]


Current CompileTask:
C2: 145317 23905   !   4       java.io.ObjectOutputStream::writeObject0 (619 bytes)


---------------  P R O C E S S  ---------------

Java Threads: ( => current thread )
  0x000001f106cbc800 JavaThread "Memory manager" [_thread_blocked, id=21552, stack(0x000000537a800000,0x000000537a900000)]
  0x000001f17c4c8800 JavaThread "jar transforms Thread 13" [_thread_blocked, id=28076, stack(0x0000005376100000,0x0000005376200000)]
  0x000001f17c4cb000 JavaThread "jar transforms Thread 12" [_thread_blocked, id=14560, stack(0x0000005376000000,0x0000005376100000)]
  0x000001f17c4c7000 JavaThread "jar transforms Thread 11" [_thread_blocked, id=14176, stack(0x0000005375f00000,0x0000005376000000)]
  0x000001f17c4ca000 JavaThread "jar transforms Thread 10" [_thread_blocked, id=1748, stack(0x0000005375e00000,0x0000005375f00000)]
  0x000001f17c4c8000 JavaThread "jar transforms Thread 9" [_thread_blocked, id=22236, stack(0x0000005375d00000,0x0000005375e00000)]
  0x000001f17c4c6800 JavaThread "jar transforms Thread 8" [_thread_blocked, id=37084, stack(0x0000005375c00000,0x0000005375d00000)]
  0x000001f17c4c2800 JavaThread "jar transforms Thread 7" [_thread_blocked, id=21548, stack(0x0000005375b00000,0x0000005375c00000)]
  0x000001f17c4c5000 JavaThread "jar transforms Thread 6" [_thread_blocked, id=30360, stack(0x0000005375a00000,0x0000005375b00000)]
  0x000001f17c4bf000 JavaThread "Cache worker for file content cache (C:\Users\Asus\.gradle\caches\8.14\fileContent)" [_thread_blocked, id=12920, stack(0x0000005375900000,0x0000005375a00000)]
  0x000001f17c4c1000 JavaThread "jar transforms Thread 5" [_thread_blocked, id=35396, stack(0x0000005375700000,0x0000005375800000)]
  0x000001f17c4bd800 JavaThread "jar transforms Thread 4" [_thread_blocked, id=36592, stack(0x0000005375600000,0x0000005375700000)]
  0x000001f17c4bf800 JavaThread "jar transforms Thread 3" [_thread_blocked, id=7632, stack(0x0000005375500000,0x0000005375600000)]
  0x000001f17cb6d000 JavaThread "jar transforms Thread 2" [_thread_blocked, id=26860, stack(0x0000005375400000,0x0000005375500000)]
  0x000001f17cb6d800 JavaThread "jar transforms" [_thread_blocked, id=8364, stack(0x0000005375300000,0x0000005375400000)]
  0x000001f17cb6e800 JavaThread "File watcher consumer" daemon [_thread_blocked, id=17936, stack(0x0000005375200000,0x0000005375300000)]
  0x000001f17cb6c000 JavaThread "File watcher server" daemon [_thread_in_native, id=14528, stack(0x0000005375100000,0x0000005375200000)]
  0x000001f17cb6b800 JavaThread "Cache worker for file hash cache (C:\Users\Asus\.gradle\caches\8.14\fileHashes)" [_thread_blocked, id=33444, stack(0x0000005374d00000,0x0000005374e00000)]
  0x000001f17cb67800 JavaThread "File lock request listener" [_thread_in_native, id=35792, stack(0x0000005374c00000,0x0000005374d00000)]
  0x000001f17b3bf000 JavaThread "Cache worker for journal cache (C:\Users\Asus\.gradle\caches\journal-1)" [_thread_blocked, id=11156, stack(0x0000005374b00000,0x0000005374c00000)]
  0x000001f17d6f2000 JavaThread "Daemon worker" [_thread_blocked, id=35116, stack(0x0000005374700000,0x0000005374800000)]
  0x000001f17d5f0800 JavaThread "Cancel handler" [_thread_blocked, id=30876, stack(0x0000005374600000,0x0000005374700000)]
  0x000001f17d5c1800 JavaThread "Handler for socket connection from /127.0.0.1:7179 to /127.0.0.1:7180" [_thread_in_native, id=28984, stack(0x0000005374500000,0x0000005374600000)]
  0x000001f17d5af000 JavaThread "Daemon" [_thread_in_native, id=31816, stack(0x0000005374400000,0x0000005374500000)]
  0x000001f17d4d7000 JavaThread "Daemon periodic checks" [_thread_blocked, id=21864, stack(0x0000005374300000,0x0000005374400000)]
  0x000001f17d4f0000 JavaThread "Incoming local TCP Connector on port 7179" [_thread_in_native, id=22876, stack(0x0000005374200000,0x0000005374300000)]
  0x000001f17bba6800 JavaThread "Daemon health stats" [_thread_blocked, id=11148, stack(0x0000005374100000,0x0000005374200000)]
  0x000001f17b47f000 JavaThread "Service Thread" daemon [_thread_blocked, id=29448, stack(0x0000005373f00000,0x0000005374000000)]
  0x000001f17b3bd800 JavaThread "C1 CompilerThread11" daemon [_thread_blocked, id=12056, stack(0x0000005373e00000,0x0000005373f00000)]
  0x000001f17b3bc800 JavaThread "C1 CompilerThread10" daemon [_thread_blocked, id=29940, stack(0x0000005373d00000,0x0000005373e00000)]
  0x000001f17b3b9000 JavaThread "C1 CompilerThread9" daemon [_thread_in_vm, id=35864, stack(0x0000005373c00000,0x0000005373d00000)]
  0x000001f17b3b9800 JavaThread "C1 CompilerThread8" daemon [_thread_blocked, id=10856, stack(0x0000005373b00000,0x0000005373c00000)]
  0x000001f17b3bc000 JavaThread "C2 CompilerThread7" daemon [_thread_blocked, id=36988, stack(0x0000005373a00000,0x0000005373b00000)]
  0x000001f17b3b8000 JavaThread "C2 CompilerThread6" daemon [_thread_blocked, id=17316, stack(0x0000005373900000,0x0000005373a00000)]
=>0x000001f17b3af800 JavaThread "C2 CompilerThread5" daemon [_thread_in_native, id=26640, stack(0x0000005373800000,0x0000005373900000)]
  0x000001f17b3a4800 JavaThread "C2 CompilerThread4" daemon [_thread_blocked, id=34852, stack(0x0000005373700000,0x0000005373800000)]
  0x000001f17b3a0000 JavaThread "C2 CompilerThread3" daemon [_thread_blocked, id=14568, stack(0x0000005373600000,0x0000005373700000)]
  0x000001f17b39e000 JavaThread "C2 CompilerThread2" daemon [_thread_blocked, id=13504, stack(0x0000005373500000,0x0000005373600000)]
  0x000001f17b39b000 JavaThread "C2 CompilerThread1" daemon [_thread_blocked, id=36968, stack(0x0000005373400000,0x0000005373500000)]
  0x000001f17b39a800 JavaThread "C2 CompilerThread0" daemon [_thread_blocked, id=29428, stack(0x0000005373300000,0x0000005373400000)]
  0x000001f17b2d4000 JavaThread "Attach Listener" daemon [_thread_blocked, id=10264, stack(0x0000005373200000,0x0000005373300000)]
  0x000001f17b2ce000 JavaThread "Signal Dispatcher" daemon [_thread_blocked, id=23400, stack(0x0000005373100000,0x0000005373200000)]
  0x000001f17b2b0800 JavaThread "Finalizer" daemon [_thread_blocked, id=3956, stack(0x0000005373000000,0x0000005373100000)]
  0x000001f1786d4000 JavaThread "Reference Handler" daemon [_thread_blocked, id=15000, stack(0x0000005372f00000,0x0000005373000000)]
  0x000001f142c06800 JavaThread "main" [_thread_blocked, id=19672, stack(0x0000005372000000,0x0000005372100000)]

Other Threads:
  0x000001f1786ca800 VMThread [stack: 0x0000005372e00000,0x0000005372f00000] [id=19312]
  0x000001f17b485000 WatcherThread [stack: 0x0000005374000000,0x0000005374100000] [id=36200]

VM state:not at safepoint (normal execution)

VM Mutex/Monitor currently owned by a thread: None

heap address: 0x00000005c0000000, size: 8192 MB, Compressed Oops mode: Zero based, Oop shift amount: 3
Narrow klass base: 0x0000000000000000, Narrow klass shift: 3
Compressed class space size: 1073741824 Address: 0x00000007c0000000

Heap:
 PSYoungGen      total 1868800K, used 878052K [0x0000000715580000, 0x000000078f080000, 0x00000007c0000000)
  eden space 1795072K, 48% used [0x0000000715580000,0x000000074a23ae98,0x0000000782e80000)
  from space 73728K, 17% used [0x000000078a880000,0x000000078b53e240,0x000000078f080000)
  to   space 99328K, 0% used [0x0000000782e80000,0x0000000782e80000,0x0000000788f80000)
 ParOldGen       total 361984K, used 178286K [0x00000005c0000000, 0x00000005d6180000, 0x0000000715580000)
  object space 361984K, 49% used [0x00000005c0000000,0x00000005cae1b888,0x00000005d6180000)
 Metaspace       used 151389K, capacity 162910K, committed 163112K, reserved 1191936K
  class space    used 19655K, capacity 21493K, committed 21544K, reserved 1048576K

Card table byte_map: [0x000001f164ea0000,0x000001f165eb0000] byte_map_base: 0x000001f1620a0000

Marking Bits: (ParMarkBitMap*) 0x00007ff862b0a3e0
 Begin Bits: [0x000001f166960000, 0x000001f16e960000)
 End Bits:   [0x000001f16e960000, 0x000001f176960000)

Polling page: 0x000001f144670000

CodeCache: size=524288Kb used=79994Kb max_used=80009Kb free=444293Kb
 bounds [0x000001f1446a0000, 0x000001f149510000, 0x000001f1646a0000]
 total_blobs=21361 nmethods=20213 adapters=1054
 compilation: enabled

Compilation events (10 events):
Event: 145.226 Thread 0x000001f17b3a0000 23934       4       java.io.ObjectOutputStream$BlockDataOutputStream::drain (45 bytes)
Event: 145.227 Thread 0x000001f17b3b9000 nmethod 23932 0x000001f1494fd110 code [0x000001f1494fd340, 0x000001f1494fde90]
Event: 145.227 Thread 0x000001f17b3bd800 23935       3       java.io.ObjectOutputStream$BlockDataOutputStream::write (152 bytes)
Event: 145.228 Thread 0x000001f17b3bd800 nmethod 23935 0x000001f1494fe610 code [0x000001f1494fe800, 0x000001f1494ff060]
Event: 145.228 Thread 0x000001f17b3a0000 nmethod 23934 0x000001f1494f1910 code [0x000001f1494f1a60, 0x000001f1494f1b28]
Event: 145.230 Thread 0x000001f17b3bc800 23936       3       org.gradle.internal.event.DefaultListenerManager$EventBroadcast::maybeRemove (27 bytes)
Event: 145.231 Thread 0x000001f17b3bc800 nmethod 23936 0x000001f149501950 code [0x000001f149501ae0, 0x000001f149501ee0]
Event: 145.242 Thread 0x000001f17b3b8000 nmethod 23914 0x000001f149501fd0 code [0x000001f149502340, 0x000001f149503b30]
Event: 145.271 Thread 0x000001f17b3b9000 23937       3       jdk.internal.org.objectweb.asm.MethodVisitor::visitTypeInsn (17 bytes)
Event: 145.272 Thread 0x000001f17b3b9000 nmethod 23937 0x000001f149501490 code [0x000001f149501600, 0x000001f149501870]

GC Heap History (10 events):
Event: 103.036 GC heap before
{Heap before GC invocations=38 (full 4):
 PSYoungGen      total 1528320K, used 1477973K [0x0000000715580000, 0x0000000785380000, 0x00000007c0000000)
  eden space 1425408K, 100% used [0x0000000715580000,0x000000076c580000,0x000000076c580000)
  from space 102912K, 51% used [0x000000076c580000,0x000000076f8d5608,0x0000000772a00000)
  to   space 100864K, 0% used [0x000000077f100000,0x000000077f100000,0x0000000785380000)
 ParOldGen       total 361984K, used 129406K [0x00000005c0000000, 0x00000005d6180000, 0x0000000715580000)
  object space 361984K, 35% used [0x00000005c0000000,0x00000005c7e5f988,0x00000005d6180000)
 Metaspace       used 134066K, capacity 143112K, committed 143272K, reserved 1173504K
  class space    used 17288K, capacity 18761K, committed 18856K, reserved 1048576K
Event: 103.120 GC heap after
Heap after GC invocations=38 (full 4):
 PSYoungGen      total 1713664K, used 7732K [0x0000000715580000, 0x0000000784b00000, 0x00000007c0000000)
  eden space 1621504K, 0% used [0x0000000715580000,0x0000000715580000,0x0000000778500000)
  from space 92160K, 8% used [0x000000077f100000,0x000000077f88d220,0x0000000784b00000)
  to   space 101376K, 0% used [0x0000000778500000,0x0000000778500000,0x000000077e800000)
 ParOldGen       total 361984K, used 175297K [0x00000005c0000000, 0x00000005d6180000, 0x0000000715580000)
  object space 361984K, 48% used [0x00000005c0000000,0x00000005cab30678,0x00000005d6180000)
 Metaspace       used 134066K, capacity 143112K, committed 143272K, reserved 1173504K
  class space    used 17288K, capacity 18761K, committed 18856K, reserved 1048576K
}
Event: 105.881 GC heap before
{Heap before GC invocations=39 (full 4):
 PSYoungGen      total 1713664K, used 1629236K [0x0000000715580000, 0x0000000784b00000, 0x00000007c0000000)
  eden space 1621504K, 100% used [0x0000000715580000,0x0000000778500000,0x0000000778500000)
  from space 92160K, 8% used [0x000000077f100000,0x000000077f88d220,0x0000000784b00000)
  to   space 101376K, 0% used [0x0000000778500000,0x0000000778500000,0x000000077e800000)
 ParOldGen       total 361984K, used 175297K [0x00000005c0000000, 0x00000005d6180000, 0x0000000715580000)
  object space 361984K, 48% used [0x00000005c0000000,0x00000005cab30678,0x00000005d6180000)
 Metaspace       used 134066K, capacity 143112K, committed 143272K, reserved 1173504K
  class space    used 17288K, capacity 18761K, committed 18856K, reserved 1048576K
Event: 105.894 GC heap after
Heap after GC invocations=39 (full 4):
 PSYoungGen      total 1722880K, used 7886K [0x0000000715580000, 0x0000000790b00000, 0x00000007c0000000)
  eden space 1621504K, 0% used [0x0000000715580000,0x0000000715580000,0x0000000778500000)
  from space 101376K, 7% used [0x0000000778500000,0x0000000778cb3b18,0x000000077e800000)
  to   space 100864K, 0% used [0x000000078a880000,0x000000078a880000,0x0000000790b00000)
 ParOldGen       total 361984K, used 177030K [0x00000005c0000000, 0x00000005d6180000, 0x0000000715580000)
  object space 361984K, 48% used [0x00000005c0000000,0x00000005cace1888,0x00000005d6180000)
 Metaspace       used 134066K, capacity 143112K, committed 143272K, reserved 1173504K
  class space    used 17288K, capacity 18761K, committed 18856K, reserved 1048576K
}
Event: 108.658 GC heap before
{Heap before GC invocations=40 (full 4):
 PSYoungGen      total 1722880K, used 1629390K [0x0000000715580000, 0x0000000790b00000, 0x00000007c0000000)
  eden space 1621504K, 100% used [0x0000000715580000,0x0000000778500000,0x0000000778500000)
  from space 101376K, 7% used [0x0000000778500000,0x0000000778cb3b18,0x000000077e800000)
  to   space 100864K, 0% used [0x000000078a880000,0x000000078a880000,0x0000000790b00000)
 ParOldGen       total 361984K, used 177030K [0x00000005c0000000, 0x00000005d6180000, 0x0000000715580000)
  object space 361984K, 48% used [0x00000005c0000000,0x00000005cace1888,0x00000005d6180000)
 Metaspace       used 134067K, capacity 143112K, committed 143272K, reserved 1173504K
  class space    used 17288K, capacity 18761K, committed 18856K, reserved 1048576K
Event: 108.671 GC heap after
Heap after GC invocations=40 (full 4):
 PSYoungGen      total 1868800K, used 9080K [0x0000000715580000, 0x000000078f080000, 0x00000007c0000000)
  eden space 1795072K, 0% used [0x0000000715580000,0x0000000715580000,0x0000000782e80000)
  from space 73728K, 12% used [0x000000078a880000,0x000000078b15e378,0x000000078f080000)
  to   space 99328K, 0% used [0x0000000782e80000,0x0000000782e80000,0x0000000788f80000)
 ParOldGen       total 361984K, used 178270K [0x00000005c0000000, 0x00000005d6180000, 0x0000000715580000)
  object space 361984K, 49% used [0x00000005c0000000,0x00000005cae17888,0x00000005d6180000)
 Metaspace       used 134067K, capacity 143112K, committed 143272K, reserved 1173504K
  class space    used 17288K, capacity 18761K, committed 18856K, reserved 1048576K
}
Event: 121.844 GC heap before
{Heap before GC invocations=41 (full 4):
 PSYoungGen      total 1868800K, used 1804152K [0x0000000715580000, 0x000000078f080000, 0x00000007c0000000)
  eden space 1795072K, 100% used [0x0000000715580000,0x0000000782e80000,0x0000000782e80000)
  from space 73728K, 12% used [0x000000078a880000,0x000000078b15e378,0x000000078f080000)
  to   space 99328K, 0% used [0x0000000782e80000,0x0000000782e80000,0x0000000788f80000)
 ParOldGen       total 361984K, used 178270K [0x00000005c0000000, 0x00000005d6180000, 0x0000000715580000)
  object space 361984K, 49% used [0x00000005c0000000,0x00000005cae17888,0x00000005d6180000)
 Metaspace       used 144399K, capacity 154678K, committed 155048K, reserved 1183744K
  class space    used 18890K, capacity 20516K, committed 20648K, reserved 1048576K
Event: 121.890 GC heap after
Heap after GC invocations=41 (full 4):
 PSYoungGen      total 1894400K, used 22611K [0x0000000715580000, 0x000000078f080000, 0x00000007c0000000)
  eden space 1795072K, 0% used [0x0000000715580000,0x0000000715580000,0x0000000782e80000)
  from space 99328K, 22% used [0x0000000782e80000,0x0000000784494c30,0x0000000788f80000)
  to   space 73728K, 0% used [0x000000078a880000,0x000000078a880000,0x000000078f080000)
 ParOldGen       total 361984K, used 178278K [0x00000005c0000000, 0x00000005d6180000, 0x0000000715580000)
  object space 361984K, 49% used [0x00000005c0000000,0x00000005cae19888,0x00000005d6180000)
 Metaspace       used 144399K, capacity 154678K, committed 155048K, reserved 1183744K
  class space    used 18890K, capacity 20516K, committed 20648K, reserved 1048576K
}
Event: 134.598 GC heap before
{Heap before GC invocations=42 (full 4):
 PSYoungGen      total 1894400K, used 1817683K [0x0000000715580000, 0x000000078f080000, 0x00000007c0000000)
  eden space 1795072K, 100% used [0x0000000715580000,0x0000000782e80000,0x0000000782e80000)
  from space 99328K, 22% used [0x0000000782e80000,0x0000000784494c30,0x0000000788f80000)
  to   space 73728K, 0% used [0x000000078a880000,0x000000078a880000,0x000000078f080000)
 ParOldGen       total 361984K, used 178278K [0x00000005c0000000, 0x00000005d6180000, 0x0000000715580000)
  object space 361984K, 49% used [0x00000005c0000000,0x00000005cae19888,0x00000005d6180000)
 Metaspace       used 145889K, capacity 156168K, committed 156328K, reserved 1185792K
  class space    used 19001K, capacity 20619K, committed 20648K, reserved 1048576K
Event: 134.617 GC heap after
Heap after GC invocations=42 (full 4):
 PSYoungGen      total 1868800K, used 13048K [0x0000000715580000, 0x000000078f080000, 0x00000007c0000000)
  eden space 1795072K, 0% used [0x0000000715580000,0x0000000715580000,0x0000000782e80000)
  from space 73728K, 17% used [0x000000078a880000,0x000000078b53e240,0x000000078f080000)
  to   space 99328K, 0% used [0x0000000782e80000,0x0000000782e80000,0x0000000788f80000)
 ParOldGen       total 361984K, used 178286K [0x00000005c0000000, 0x00000005d6180000, 0x0000000715580000)
  object space 361984K, 49% used [0x00000005c0000000,0x00000005cae1b888,0x00000005d6180000)
 Metaspace       used 145889K, capacity 156168K, committed 156328K, reserved 1185792K
  class space    used 19001K, capacity 20619K, committed 20648K, reserved 1048576K
}

Deoptimization events (10 events):
Event: 145.120 Thread 0x000001f17d6f2000 Uncommon trap: reason=class_check action=maybe_recompile pc=0x000001f14613e4c4 method=java.util.HashMap.removeNode(ILjava/lang/Object;Ljava/lang/Object;ZZ)Ljava/util/HashMap$Node; @ 143
Event: 145.121 Thread 0x000001f17ecae000 Uncommon trap: reason=class_check action=maybe_recompile pc=0x000001f146947140 method=java.util.concurrent.locks.ReentrantLock.lock()V @ 4
Event: 145.123 Thread 0x000001f17d6f2000 Uncommon trap: reason=class_check action=maybe_recompile pc=0x000001f14613e4c4 method=java.util.HashMap.removeNode(ILjava/lang/Object;Ljava/lang/Object;ZZ)Ljava/util/HashMap$Node; @ 143
Event: 145.123 Thread 0x000001f17eca8000 Uncommon trap: reason=class_check action=maybe_recompile pc=0x000001f146947140 method=java.util.concurrent.locks.ReentrantLock.lock()V @ 4
Event: 145.124 Thread 0x000001f17d6f2000 Uncommon trap: reason=class_check action=maybe_recompile pc=0x000001f144c2c540 method=java.util.HashMap.removeNode(ILjava/lang/Object;Ljava/lang/Object;ZZ)Ljava/util/HashMap$Node; @ 143
Event: 145.130 Thread 0x000001f17d6f2000 Uncommon trap: reason=unstable_if action=reinterpret pc=0x000001f148107660 method=org.gradle.tooling.internal.provider.runner.ClientForwardingBuildOperationListener.finished(Lorg/gradle/internal/operations/BuildOperationDescriptor;Lorg/gradle/internal/ope
Event: 145.155 Thread 0x000001f17d6f2000 Uncommon trap: reason=unstable_if action=reinterpret pc=0x000001f149386afc method=java.io.ObjectStreamField.isPrimitive()Z @ 18
Event: 145.180 Thread 0x000001f17d6f2000 Uncommon trap: reason=unstable_if action=reinterpret pc=0x000001f1486e5994 method=com.google.common.cache.LocalCache$Segment.get(Ljava/lang/Object;I)Ljava/lang/Object; @ 4
Event: 145.181 Thread 0x000001f17d6f2000 Uncommon trap: reason=unstable_if action=reinterpret pc=0x000001f1486cab2c method=com.google.common.cache.LocalCache$Segment.get(Ljava/lang/Object;I)Ljava/lang/Object; @ 4
Event: 145.226 Thread 0x000001f17d6f2000 Uncommon trap: reason=unstable_if action=reinterpret pc=0x000001f1494fc1e8 method=java.io.ObjectOutputStream$BlockDataOutputStream.write([BIIZ)V @ 2

Classes redefined (0 events):
No events

Internal exceptions (10 events):
Event: 144.789 Thread 0x000001f17d6f2000 Implicit null exception at 0x000001f147fda7a1 to 0x000001f147fda98a
Event: 144.816 Thread 0x000001f17d661800 Exception <a 'java/lang/NoSuchMethodError': <clinit>> (0x000000073c6b93b0) thrown at [C:\jenkins\workspace\8-2-build-windows-x64-cygwin-sans-NAS\jdk8u461\2086\hotspot\src\share\vm\prims\jni.cpp, line 1622]
Event: 144.819 Thread 0x000001f17d661800 Exception <a 'java/lang/NoSuchMethodError': <clinit>> (0x000000073c6ca420) thrown at [C:\jenkins\workspace\8-2-build-windows-x64-cygwin-sans-NAS\jdk8u461\2086\hotspot\src\share\vm\prims\jni.cpp, line 1622]
Event: 144.875 Thread 0x000001f17d6f2000 Exception <a 'java/lang/NoSuchMethodError': <clinit>> (0x000000073c1b2448) thrown at [C:\jenkins\workspace\8-2-build-windows-x64-cygwin-sans-NAS\jdk8u461\2086\hotspot\src\share\vm\prims\jni.cpp, line 1622]
Event: 144.979 Thread 0x000001f17d6f2000 Exception <a 'sun/nio/fs/WindowsException'> (0x000000073c810a78) thrown at [C:\jenkins\workspace\8-2-build-windows-x64-cygwin-sans-NAS\jdk8u461\2086\hotspot\src\share\vm\prims\jni.cpp, line 710]
Event: 144.979 Thread 0x000001f17d6f2000 Exception <a 'sun/nio/fs/WindowsException'> (0x000000073c811578) thrown at [C:\jenkins\workspace\8-2-build-windows-x64-cygwin-sans-NAS\jdk8u461\2086\hotspot\src\share\vm\prims\jni.cpp, line 710]
Event: 145.002 Thread 0x000001f17cb69000 Exception <a 'sun/nio/fs/WindowsException'> (0x000000073c469798) thrown at [C:\jenkins\workspace\8-2-build-windows-x64-cygwin-sans-NAS\jdk8u461\2086\hotspot\src\share\vm\prims\jni.cpp, line 710]
Event: 145.136 Thread 0x000001f17d661800 Exception <a 'java/lang/NoSuchMethodError': <clinit>> (0x000000073e5b82f8) thrown at [C:\jenkins\workspace\8-2-build-windows-x64-cygwin-sans-NAS\jdk8u461\2086\hotspot\src\share\vm\prims\jni.cpp, line 1622]
Event: 145.239 Thread 0x000001f17d6f2000 Exception <a 'sun/nio/fs/WindowsException'> (0x000000073d0d3e88) thrown at [C:\jenkins\workspace\8-2-build-windows-x64-cygwin-sans-NAS\jdk8u461\2086\hotspot\src\share\vm\prims\jni.cpp, line 710]
Event: 145.239 Thread 0x000001f17d6f2000 Exception <a 'sun/nio/fs/WindowsException'> (0x000000073d0d4928) thrown at [C:\jenkins\workspace\8-2-build-windows-x64-cygwin-sans-NAS\jdk8u461\2086\hotspot\src\share\vm\prims\jni.cpp, line 710]

Events (10 events):
Event: 145.269 loading class org/apache/commons/io/filefilter/RegexFileFilter done
Event: 145.272 Thread 0x000001f17b3b9000 flushing nmethod 0x000001f146514810
Event: 145.272 loading class org/apache/commons/io/filefilter/IOFileFilter
Event: 145.272 loading class org/apache/commons/io/filefilter/IOFileFilter done
Event: 145.274 loading class org/gradle/internal/versionedcache/VersionSpecificCacheDirectory
Event: 145.274 loading class org/gradle/internal/versionedcache/VersionSpecificCacheDirectory done
Event: 145.275 loading class com/google/common/collect/AbstractMapBasedMultimap$WrappedNavigableSet
Event: 145.275 loading class com/google/common/collect/AbstractMapBasedMultimap$WrappedNavigableSet done
Event: 145.277 loading class com/google/common/collect/AbstractMapBasedMultimap$WrappedSortedSet
Event: 145.277 loading class com/google/common/collect/AbstractMapBasedMultimap$WrappedSortedSet done


Dynamic libraries:
0x00007ff7a0e60000 - 0x00007ff7a0eaf000 	C:\Program Files\Java\jre1.8.0_461\bin\java.exe
0x00007ff94bc40000 - 0x00007ff94bea7000 	C:\Windows\SYSTEM32\ntdll.dll
0x00007ff94b1c0000 - 0x00007ff94b289000 	C:\Windows\System32\KERNEL32.DLL
0x00007ff948520000 - 0x00007ff948911000 	C:\Windows\System32\KERNELBASE.dll
0x00007ff945740000 - 0x00007ff9457df000 	C:\Windows\SYSTEM32\apphelp.dll
0x00007ff94ab50000 - 0x00007ff94ac0b000 	C:\Windows\System32\ADVAPI32.dll
0x00007ff94b470000 - 0x00007ff94b519000 	C:\Windows\System32\msvcrt.dll
0x00007ff949a90000 - 0x00007ff949b37000 	C:\Windows\System32\sechost.dll
0x00007ff94ac10000 - 0x00007ff94ad28000 	C:\Windows\System32\RPCRT4.dll
0x00007ff94b2a0000 - 0x00007ff94b465000 	C:\Windows\System32\USER32.dll
0x00007ff949430000 - 0x00007ff949457000 	C:\Windows\System32\win32u.dll
0x00007ff9499e0000 - 0x00007ff949a0b000 	C:\Windows\System32\GDI32.dll
0x00007ff949300000 - 0x00007ff94942b000 	C:\Windows\System32\gdi32full.dll
0x00007ff949690000 - 0x00007ff949733000 	C:\Windows\System32\msvcp_win.dll
0x00007ff949740000 - 0x00007ff94988b000 	C:\Windows\System32\ucrtbase.dll
0x00007ff92dc30000 - 0x00007ff92dec3000 	C:\Windows\WinSxS\amd64_microsoft.windows.common-controls_6595b64144ccf1df_6.0.26100.8037_none_3e092faae333b53b\COMCTL32.dll
0x00007ff949c60000 - 0x00007ff949c91000 	C:\Windows\System32\IMM32.DLL
0x00007ff90dee0000 - 0x00007ff90defb000 	C:\Program Files\Java\jre1.8.0_461\bin\vcruntime140.dll
0x00007ff942680000 - 0x00007ff94268c000 	C:\Program Files\Java\jre1.8.0_461\bin\vcruntime140_1.dll
0x00007ff90be60000 - 0x00007ff90beee000 	C:\Program Files\Java\jre1.8.0_461\bin\msvcp140.dll
0x00007ff862330000 - 0x00007ff862bda000 	C:\Program Files\Java\jre1.8.0_461\bin\server\jvm.dll
0x00007ff949b40000 - 0x00007ff949b48000 	C:\Windows\System32\PSAPI.DLL
0x00007ff92adf0000 - 0x00007ff92adfa000 	C:\Windows\SYSTEM32\WSOCK32.dll
0x00007ff93d2d0000 - 0x00007ff93d2db000 	C:\Windows\SYSTEM32\VERSION.dll
0x00007ff949a10000 - 0x00007ff949a84000 	C:\Windows\System32\WS2_32.dll
0x00007ff93d480000 - 0x00007ff93d4b5000 	C:\Windows\SYSTEM32\WINMM.dll
0x00007ff9472b0000 - 0x00007ff9472cb000 	C:\Windows\SYSTEM32\kernel.appcore.dll
0x00007ff922c50000 - 0x00007ff922c60000 	C:\Program Files\Java\jre1.8.0_461\bin\verify.dll
0x00007ff90cfc0000 - 0x00007ff90cfeb000 	C:\Program Files\Java\jre1.8.0_461\bin\java.dll
0x00007ff90be20000 - 0x00007ff90be57000 	C:\Program Files\Java\jre1.8.0_461\bin\instrument.dll
0x00007ff90db20000 - 0x00007ff90db38000 	C:\Program Files\Java\jre1.8.0_461\bin\zip.dll
0x00007ff94a2d0000 - 0x00007ff94aa2f000 	C:\Windows\System32\SHELL32.dll
0x00007ff949190000 - 0x00007ff9492fa000 	C:\Windows\System32\wintypes.dll
0x00007ff949d80000 - 0x00007ff94a102000 	C:\Windows\System32\combase.dll
0x00007ff948920000 - 0x00007ff949184000 	C:\Windows\System32\windows.storage.dll
0x00007ff94bb00000 - 0x00007ff94bbf7000 	C:\Windows\System32\SHCORE.dll
0x00007ff94b6f0000 - 0x00007ff94b757000 	C:\Windows\System32\shlwapi.dll
0x00007ff948440000 - 0x00007ff948469000 	C:\Windows\SYSTEM32\profapi.dll
0x00007ff90d9b0000 - 0x00007ff90d9cc000 	C:\Program Files\Java\jre1.8.0_461\bin\net.dll
0x00007ff947820000 - 0x00007ff94788b000 	C:\Windows\system32\mswsock.dll
0x00007ff90d0b0000 - 0x00007ff90d0c3000 	C:\Program Files\Java\jre1.8.0_461\bin\nio.dll
0x00007ff90d0d0000 - 0x00007ff90d0f7000 	C:\Users\Asus\.gradle\native\1def1411415f61bf3af743bc5b6707747c0891f09f0c88961ee8f79bc544acac\windows-amd64\native-platform.dll
0x00007ff90b720000 - 0x00007ff90b798000 	C:\Users\Asus\.gradle\native\0.2.7\x86_64-windows-gnu\gradle-fileevents.dll
0x00007ff921e90000 - 0x00007ff921e9d000 	C:\Program Files\Java\jre1.8.0_461\bin\management.dll
0x00007ff946cf0000 - 0x00007ff946d23000 	C:\Windows\SYSTEM32\IPHLPAPI.DLL
0x00007ff94aa40000 - 0x00007ff94aa4a000 	C:\Windows\System32\NSI.dll
0x00007ff942fa0000 - 0x00007ff942fbd000 	C:\Windows\SYSTEM32\dhcpcsvc6.DLL
0x00007ff942f10000 - 0x00007ff942f33000 	C:\Windows\SYSTEM32\dhcpcsvc.DLL
0x00007ff946d90000 - 0x00007ff946eba000 	C:\Windows\SYSTEM32\DNSAPI.dll
0x00007ff947b00000 - 0x00007ff947b1b000 	C:\Windows\SYSTEM32\CRYPTSP.dll
0x00007ff947210000 - 0x00007ff947249000 	C:\Windows\system32\rsaenh.dll
0x00007ff9478d0000 - 0x00007ff947902000 	C:\Windows\SYSTEM32\USERENV.dll
0x00007ff948410000 - 0x00007ff94843a000 	C:\Windows\SYSTEM32\bcrypt.dll
0x00007ff949460000 - 0x00007ff949505000 	C:\Windows\System32\bcryptprimitives.dll
0x00007ff947b20000 - 0x00007ff947b2c000 	C:\Windows\SYSTEM32\CRYPTBASE.dll
0x00007ff9473d0000 - 0x00007ff947406000 	C:\Windows\SYSTEM32\ntmarta.dll
0x00007ff90b580000 - 0x00007ff90b5a5000 	C:\Program Files\Java\jre1.8.0_461\bin\sunec.dll
0x00007ff93ebc0000 - 0x00007ff93ebcb000 	C:\Windows\System32\rasadhlp.dll
0x00007ff9430b0000 - 0x00007ff943136000 	C:\Windows\System32\fwpuclnt.dll
0x00007ff90bd60000 - 0x00007ff90bd6e000 	C:\Program Files\Java\jre1.8.0_461\bin\sunmscapi.dll
0x00007ff949510000 - 0x00007ff949687000 	C:\Windows\System32\CRYPT32.dll
0x00007ff947d20000 - 0x00007ff947d50000 	C:\Windows\SYSTEM32\ncrypt.dll
0x00007ff947cd0000 - 0x00007ff947d0f000 	C:\Windows\SYSTEM32\NTASN1.dll
0x00007ff91d140000 - 0x00007ff91d158000 	C:\Windows\system32\napinsp.dll
0x00007ff91d120000 - 0x00007ff91d132000 	C:\Windows\System32\winrnr.dll
0x00007ff91d0f0000 - 0x00007ff91d112000 	C:\Windows\system32\nlansp_c.dll
0x00007ff91d0d0000 - 0x00007ff91d0e6000 	C:\Windows\system32\wshbth.dll
0x00007ff945eb0000 - 0x00007ff9460f2000 	C:\Windows\SYSTEM32\dbghelp.dll
0x00007ff949b80000 - 0x00007ff949c57000 	C:\Windows\System32\OLEAUT32.dll

VM Arguments:
jvm_args: -XX:MaxMetaspaceSize=4G -XX:ReservedCodeCacheSize=512m -XX:+HeapDumpOnOutOfMemoryError -Xmx8G -Dfile.encoding=UTF-8 -Duser.country=US -Duser.language=en -Duser.variant -javaagent:C:\Users\Asus\.gradle\wrapper\dists\gradle-8.14-all\c2qonpi39x1mddn7hk5gh9iqj\gradle-8.14\lib\agents\gradle-instrumentation-agent-8.14.jar 
java_command: org.gradle.launcher.daemon.bootstrap.GradleDaemon 8.14
java_class_path (initial): C:\Users\Asus\.gradle\wrapper\dists\gradle-8.14-all\c2qonpi39x1mddn7hk5gh9iqj\gradle-8.14\lib\gradle-daemon-main-8.14.jar;C:\Users\Asus\.gradle\wrapper\dists\gradle-8.14-all\c2qonpi39x1mddn7hk5gh9iqj\gradle-8.14\lib\agents\gradle-instrumentation-agent-8.14.jar
Launcher Type: SUN_STANDARD

Environment Variables:
PATH=C:\Program Files (x86)\Common Files\Oracle\Java\java8path;C:\Program Files (x86)\Common Files\Oracle\Java\javapath;C:\Windows\system32;C:\Windows;C:\Windows\System32\Wbem;C:\Windows\System32\WindowsPowerShell\v1.0\;C:\Windows\System32\OpenSSH\;C:\Program Files\nodejs\;C:\Program Files\Git\cmd;C:\Users\Asus\AppData\Local\Programs\Python\Python313\Scripts\;C:\Users\Asus\AppData\Local\Programs\Python\Python313\;C:\Users\Asus\AppData\Local\Microsoft\WindowsApps;C:\Users\Asus\AppData\Local\Programs\Microsoft VS Code\bin;C:\MinGW\bin;C:\MinGW\;C:\Users\Asus\AppData\Roaming\npm;C:\flutter\bin;C:\Users\Asus\AppData\Local\Programs\Antigravity\bin
USERNAME=Asus
OS=Windows_NT
PROCESSOR_IDENTIFIER=Intel64 Family 6 Model 186 Stepping 2, GenuineIntel



---------------  S Y S T E M  ---------------

OS: Windows 11 , 64 bit Build 26100 (10.0.26100.7920)

CPU:total 16 (initial active 16) (8 cores per cpu, 2 threads per core) family 6 model 186 stepping 2, cmov, cx8, fxsr, mmx, sse, sse2, sse3, ssse3, sse4.1, sse4.2, popcnt, avx, avx2, aes, clmul, erms, 3dnowpref, lzcnt, ht, tsc, tscinvbit, bmi1, bmi2, adx

Memory: 4k page, physical 16401120k(1177916k free), swap 25666724k(3168k free)

vm_info: Java HotSpot(TM) 64-Bit Server VM (25.461-b11) for windows-amd64 JRE (1.8.0_461-b11), built on Jun 27 2025 10:22:42 by "java_re" with MS VC++ 17.6 (VS2022)

time: Fri Mar 20 16:29:14 2026
timezone: India Standard Time
elapsed time: 145.354818 seconds (0d 0h 2m 25s)

